<?xml version="1.0" encoding="UTF-8"?>
<!-- Generated by org.testng.reporters.JUnitReportReporter -->
<testsuite hostname="ampc41-All-Series" failures="0" tests="4" name="com.app.testcases.flowsPageTest" time="21.415" errors="0" timestamp="2022-07-18T14:51:37 IST" skipped="0">
  <testcase classname="com.app.testcases.flowsPageTest" name="clickonFlowsTest" time="3.612"/>
  <system-out/>
  <testcase classname="com.app.testcases.flowsPageTest" name="verifyNameflowTest" time="3.745"/>
  <system-out/>
  <testcase classname="com.app.testcases.flowsPageTest" name="verifyClickOnCreateFlowTest" time="6.866"/>
  <system-out/>
  <testcase classname="com.app.testcases.flowsPageTest" name="verifycreateFlowNameTest" time="7.192"/>
  <system-out/>
</testsuite> <!-- com.app.testcases.flowsPageTest -->
