<?xml version="1.0" encoding="UTF-8"?>
<!-- Generated by org.testng.reporters.JUnitReportReporter -->
<testsuite hostname="ampc41-All-Series" failures="0" tests="7" name="com.app.testcases.HomePageTest" time="33.674" errors="0" timestamp="2022-07-18T14:51:37 IST" skipped="0">
  <testcase classname="com.app.testcases.HomePageTest" name="HomePagetitleTest" time="3.039"/>
  <system-out/>
  <testcase classname="com.app.testcases.HomePageTest" name="verifyHomepageInboxTest" time="3.703"/>
  <system-out/>
  <testcase classname="com.app.testcases.HomePageTest" name="clickonFlowsTest" time="4.006"/>
  <system-out/>
  <testcase classname="com.app.testcases.HomePageTest" name="clickOnDatasetTest" time="4.001"/>
  <system-out/>
  <testcase classname="com.app.testcases.HomePageTest" name="verifyProfileImageTest" time="3.924"/>
  <system-out/>
  <testcase classname="com.app.testcases.HomePageTest" name="createFlowTest" time="7.384"/>
  <system-out/>
  <testcase classname="com.app.testcases.HomePageTest" name="createFlowTest" time="7.617"/>
  <system-out/>
</testsuite> <!-- com.app.testcases.HomePageTest -->
