<?xml version="1.0" encoding="UTF-8"?>
<!-- Generated by org.testng.reporters.JUnitReportReporter -->
<testsuite hostname="ampc41-All-Series" failures="0" tests="1" name="com.app.testcases.datasetPageTest" time="3.630" errors="0" timestamp="2022-07-18T14:51:37 IST" skipped="0">
  <testcase classname="com.app.testcases.datasetPageTest" name="verifyNameDatasetTest" time="3.630"/>
  <system-out/>
</testsuite> <!-- com.app.testcases.datasetPageTest -->
