<?xml version="1.0" encoding="UTF-8"?>
<!-- Generated by org.testng.reporters.JUnitReportReporter -->
<testsuite hostname="ampc41-All-Series" failures="0" tests="2" name="com.app.testcases.loginPageTest" time="13.823" errors="0" timestamp="2022-07-18T14:51:37 IST" skipped="0">
  <testcase classname="com.app.testcases.loginPageTest" name="loginPageTitleTest" time="10.716"/>
  <system-out/>
  <testcase classname="com.app.testcases.loginPageTest" name="loginTest" time="3.107"/>
  <system-out/>
</testsuite> <!-- com.app.testcases.loginPageTest -->
